<?xml version="1.0" encoding="UTF-8"?>
<testng-results ignored="0" total="2" passed="2" failed="0" skipped="0">
  <reporter-output>
  </reporter-output>
  <suite started-at="2022-07-25T18:06:34Z" name="Default suite" finished-at="2022-07-25T18:06:39Z" duration-ms="5133">
    <groups>
    </groups>
    <test started-at="2022-07-25T18:06:34Z" name="Default test" finished-at="2022-07-25T18:06:39Z" duration-ms="5133">
      <class name="gitHub.EndToEndTest">
        <test-method signature="test1()[pri:0, instance:gitHub.EndToEndTest@7674b62c]" started-at="2022-07-25T18:06:34Z" name="test1" finished-at="2022-07-25T18:06:37Z" duration-ms="3620" status="PASS">
          <reporter-output>
          </reporter-output>
        </test-method> <!-- test1 -->
        <test-method signature="test2()[pri:0, instance:gitHub.EndToEndTest@7674b62c]" started-at="2022-07-25T18:06:37Z" name="test2" finished-at="2022-07-25T18:06:39Z" duration-ms="1468" status="PASS">
          <reporter-output>
          </reporter-output>
        </test-method> <!-- test2 -->
      </class> <!-- gitHub.EndToEndTest -->
    </test> <!-- Default test -->
  </suite> <!-- Default suite -->
</testng-results>
