<?xml version="1.0" encoding="UTF-8"?>
<testng-results ignored="0" total="2" passed="2" failed="0" skipped="0">
  <reporter-output>
  </reporter-output>
  <suite started-at="2022-08-03T15:05:26Z" name="Default suite" finished-at="2022-08-03T15:05:31Z" duration-ms="4978">
    <groups>
    </groups>
    <test started-at="2022-08-03T15:05:26Z" name="Default test" finished-at="2022-08-03T15:05:31Z" duration-ms="4978">
      <class name="restAPIXML.XMLTest">
        <test-method signature="test1()[pri:0, instance:restAPIXML.XMLTest@7674b62c]" started-at="2022-08-03T15:05:26Z" name="test1" finished-at="2022-08-03T15:05:29Z" duration-ms="3345" status="PASS">
          <reporter-output>
          </reporter-output>
        </test-method> <!-- test1 -->
        <test-method signature="test2()[pri:0, instance:restAPIXML.XMLTest@7674b62c]" started-at="2022-08-03T15:05:29Z" name="test2" finished-at="2022-08-03T15:05:31Z" duration-ms="1600" status="PASS">
          <reporter-output>
          </reporter-output>
        </test-method> <!-- test2 -->
      </class> <!-- restAPIXML.XMLTest -->
    </test> <!-- Default test -->
  </suite> <!-- Default suite -->
</testng-results>
